\BOOKMARK [1][-]{section.1}{\376\377\000シ\000ス\000テ\000ム\000概\000要}{}% 1
\BOOKMARK [2][-]{subsection.1.1}{\376\377\000主\000な\000機\000能}{section.1}% 2
\BOOKMARK [1][-]{section.2}{\376\377\000シ\000ス\000テ\000ム\000ア\000ー\000キ\000テ\000ク\000チ\000ャ}{}% 3
\BOOKMARK [2][-]{subsection.2.1}{\376\377\000全\000体\000シ\000ス\000テ\000ム\000構\000成\000図}{section.2}% 4
\BOOKMARK [2][-]{subsection.2.2}{\376\377\000ポ\000ー\000ト\000割\000り\000当\000て\000一\000覧}{section.2}% 5
\BOOKMARK [2][-]{subsection.2.3}{\376\377\000主\000要\000デ\000ー\000タ\000フ\000ロ\000ー}{section.2}% 6
\BOOKMARK [3][-]{subsubsection.2.3.1}{\376\377\000自\000動\000作\000曲\000シ\000ー\000ケ\000ン\000ス}{subsection.2.3}% 7
\BOOKMARK [3][-]{subsubsection.2.3.2}{\376\377\000M\000I\000D\000I\000・\000A\000B\000C\000相\000互\000変\000換\000シ\000ー\000ケ\000ン\000ス}{subsection.2.3}% 8
\BOOKMARK [1][-]{section.3}{\376\377\000環\000境\000構\000築\000と\000セ\000ッ\000ト\000ア\000ッ\000プ}{}% 9
\BOOKMARK [2][-]{subsection.3.1}{\376\377\000前\000提\000条\000件\000・\000必\000要\000環\000境}{section.3}% 10
\BOOKMARK [2][-]{subsection.3.2}{\376\377\000依\000存\000関\000係\000の\000イ\000ン\000ス\000ト\000ー\000ル}{section.3}% 11
\BOOKMARK [3][-]{subsubsection.3.2.1}{\376\377\0001\000.\000\040\000P\000y\000t\000h\000o\000n\000\040\000バ\000ッ\000ク\000エ\000ン\000ド\000の\000依\000存\000関\000係}{subsection.3.2}% 12
\BOOKMARK [3][-]{subsubsection.3.2.2}{\376\377\0002\000.\000\040\000N\000o\000d\000e\000.\000j\000s\000\040\000M\000I\000D\000I\000\040\000サ\000ー\000バ\000ー\000の\000依\000存\000関\000係}{subsection.3.2}% 13
\BOOKMARK [3][-]{subsubsection.3.2.3}{\376\377\0003\000.\000\040\000フ\000ロ\000ン\000ト\000エ\000ン\000ド\000\040\000\050\000R\000e\000a\000c\000t\000\051\000\040\000の\000依\000存\000関\000係}{subsection.3.2}% 14
\BOOKMARK [2][-]{subsection.3.3}{\376\377\000起\000動\000手\000順}{section.3}% 15
\BOOKMARK [3][-]{subsubsection.3.3.1}{\376\377\000一\000括\000起\000動\000\040\000\050\000推\000奨\000\051}{subsection.3.3}% 16
\BOOKMARK [3][-]{subsubsection.3.3.2}{\376\377\000個\000別\000起\000動\000\040\000\050\000開\000発\000・\000デ\000バ\000ッ\000グ\000用\000\051}{subsection.3.3}% 17
\BOOKMARK [2][-]{subsection.3.4}{\376\377\000起\000動\000後\000の\000ア\000ク\000セ\000ス\000先\000U\000R\000L}{section.3}% 18
\BOOKMARK [2][-]{subsection.3.5}{\376\377\000設\000定\000の\000変\000更}{section.3}% 19
\BOOKMARK [3][-]{subsubsection.3.5.1}{\376\377\000O\000l\000l\000a\000m\000a\000サ\000ー\000バ\000ー\000の\000I\000P\000ア\000ド\000レ\000ス\000設\000定}{subsection.3.5}% 20
\BOOKMARK [1][-]{section.4}{\376\377\000シ\000ス\000テ\000ム\000の\000利\000用\000方\000法}{}% 21
\BOOKMARK [2][-]{subsection.4.1}{\376\377\000自\000動\000作\000曲\000タ\000ブ}{section.4}% 22
\BOOKMARK [2][-]{subsection.4.2}{\376\377\000ハ\000ー\000モ\000ニ\000ー\000付\000与\000タ\000ブ}{section.4}% 23
\BOOKMARK [2][-]{subsection.4.3}{\376\377\000M\000I\000D\000I\000-\000A\000B\000C\000変\000換\000タ\000ブ}{section.4}% 24
\BOOKMARK [2][-]{subsection.4.4}{\376\377\000A\000I\000チ\000ャ\000ッ\000ト\000タ\000ブ}{section.4}% 25
\BOOKMARK [1][-]{section.5}{\376\377\000A\000P\000I\000リ\000フ\000ァ\000レ\000ン\000ス}{}% 26
\BOOKMARK [2][-]{subsection.5.1}{\376\377\000シ\000ス\000テ\000ム\000・\000ス\000テ\000ー\000タ\000ス\000系\000A\000P\000I}{section.5}% 27
\BOOKMARK [3][-]{subsubsection.5.1.1}{\376\377\000G\000E\000T\000\040\000/\000a\000p\000i\000/\000h\000e\000a\000l\000t\000h}{subsection.5.1}% 28
\BOOKMARK [3][-]{subsubsection.5.1.2}{\376\377\000G\000E\000T\000\040\000/\000a\000p\000i\000/\000m\000o\000d\000e\000l\000s}{subsection.5.1}% 29
\BOOKMARK [2][-]{subsection.5.2}{\376\377\000自\000動\000作\000曲\000・\000ハ\000ー\000モ\000ニ\000ー\000付\000与\000A\000P\000I}{section.5}% 30
\BOOKMARK [3][-]{subsubsection.5.2.1}{\376\377\000P\000O\000S\000T\000\040\000/\000a\000p\000i\000/\000c\000o\000m\000p\000o\000s\000e}{subsection.5.2}% 31
\BOOKMARK [3][-]{subsubsection.5.2.2}{\376\377\000P\000O\000S\000T\000\040\000/\000a\000p\000i\000/\000h\000a\000r\000m\000o\000n\000i\000z\000e}{subsection.5.2}% 32
\BOOKMARK [2][-]{subsection.5.3}{\376\377\000M\000I\000D\000I\000変\000換\000・\000編\000集\000A\000P\000I}{section.5}% 33
\BOOKMARK [3][-]{subsubsection.5.3.1}{\376\377\000P\000O\000S\000T\000\040\000/\000a\000p\000i\000/\000m\000i\000d\000i\000-\000t\000o\000-\000a\000b\000c}{subsection.5.3}% 34
\BOOKMARK [3][-]{subsubsection.5.3.2}{\376\377\000P\000O\000S\000T\000\040\000/\000a\000p\000i\000/\000a\000b\000c\000-\000t\000o\000-\000m\000i\000d\000i}{subsection.5.3}% 35
\BOOKMARK [2][-]{subsection.5.4}{\376\377\000チ\000ャ\000ッ\000ト\000A\000P\000I}{section.5}% 36
\BOOKMARK [3][-]{subsubsection.5.4.1}{\376\377\000P\000O\000S\000T\000\040\000/\000a\000p\000i\000/\000c\000h\000a\000t}{subsection.5.4}% 37
\BOOKMARK [1][-]{section.6}{\376\377\000R\000a\000s\000p\000b\000e\000r\000r\000y\000\040\000P\000i\000\040\000連\000携\000ガ\000イ\000ド}{}% 38
\BOOKMARK [2][-]{subsection.6.1}{\376\377\000セ\000ッ\000ト\000ア\000ッ\000プ\000手\000順}{section.6}% 39
\BOOKMARK [3][-]{subsubsection.6.1.1}{\376\377\0001\000.\000\040\000関\000連\000フ\000ァ\000イ\000ル\000の\000コ\000ピ\000ー}{subsection.6.1}% 40
\BOOKMARK [3][-]{subsubsection.6.1.2}{\376\377\0002\000.\000\040\000ラ\000ズ\000パ\000イ\000側\000で\000の\000環\000境\000構\000築}{subsection.6.1}% 41
\BOOKMARK [3][-]{subsubsection.6.1.3}{\376\377\0003\000.\000\040\000ホ\000ス\000ト\000\040\000P\000C\000\040\000の\000\040\000I\000P\000\040\000ア\000ド\000レ\000ス\000設\000定}{subsection.6.1}% 42
\BOOKMARK [3][-]{subsubsection.6.1.4}{\376\377\0004\000.\000\040\000ホ\000ス\000ト\000\040\000P\000C\000\040\000で\000の\000外\000部\000ア\000ク\000セ\000ス\000許\000可}{subsection.6.1}% 43
\BOOKMARK [2][-]{subsection.6.2}{\376\377\000接\000続\000の\000テ\000ス\000ト}{section.6}% 44
\BOOKMARK [2][-]{subsection.6.3}{\376\377\000利\000用\000方\000法}{section.6}% 45
\BOOKMARK [3][-]{subsubsection.6.3.1}{\376\377\000A\000B\000C\000\040\000楽\000譜\000フ\000ァ\000イ\000ル\000の\000直\000接\000演\000奏}{subsection.6.3}% 46
\BOOKMARK [2][-]{subsection.6.4}{\376\377\000エ\000イ\000リ\000ア\000ス\000一\000覧}{section.6}% 47
\BOOKMARK [2][-]{subsection.6.5}{\376\377\000ト\000ラ\000ブ\000ル\000シ\000ュ\000ー\000テ\000ィ\000ン\000グ}{section.6}% 48
\BOOKMARK [1][-]{section.7}{\376\377\000開\000発\000者\000向\000け\000設\000計\000詳\000細\000と\000拡\000張\000性}{}% 49
\BOOKMARK [2][-]{subsection.7.1}{\376\377\000疎\000結\000合\000設\000計\000の\000原\000則}{section.7}% 50
\BOOKMARK [2][-]{subsection.7.2}{\376\377\000モ\000ジ\000ュ\000ー\000ル\000依\000存\000関\000係\000図}{section.7}% 51
\BOOKMARK [1][-]{section.8}{\376\377\000ラ\000イ\000セ\000ン\000ス\000と\000品\000質\000保\000証\000・\000免\000責\000事\000項}{}% 52
\BOOKMARK [2][-]{subsection.8.1}{\376\377\000製\000品\000保\000証\000と\000サ\000ポ\000ー\000ト\000の\000範\000囲}{section.8}% 53
\BOOKMARK [3][-]{subsubsection.8.1.1}{\376\377\0001\000.\000\040\000動\000作\000保\000証\000環\000境}{subsection.8.1}% 54
\BOOKMARK [3][-]{subsubsection.8.1.2}{\376\377\0002\000.\000\040\000生\000成\000物\000（\000音\000楽\000デ\000ー\000タ\000お\000よ\000び\000テ\000キ\000ス\000ト\000）\000に\000関\000す\000る\000責\000任}{subsection.8.1}% 55
\BOOKMARK [2][-]{subsection.8.2}{\376\377\000責\000任\000の\000制\000限\000（\000免\000責\000事\000項\000）}{section.8}% 56
\BOOKMARK [2][-]{subsection.8.3}{\376\377\000ラ\000イ\000セ\000ン\000ス\000規\000定}{section.8}% 57
